<?xml version="1.0" encoding="UTF-8"?>
<testsuite name="com.surest.member.app.auth.JwtUtilTest" tests="4" skipped="0" failures="0" errors="0" timestamp="2025-10-16T04:36:42.275Z" hostname="ELW5330" time="0.322">
  <properties/>
  <testcase name="testGenerateAndParseToken_Success()" classname="com.surest.member.app.auth.JwtUtilTest" time="0.284"/>
  <testcase name="testGetRoles_WhenRolesMissing_ReturnsEmptySet()" classname="com.surest.member.app.auth.JwtUtilTest" time="0.011"/>
  <testcase name="testGetUsernameFromToken_InvalidToken_ThrowsException()" classname="com.surest.member.app.auth.JwtUtilTest" time="0.015"/>
  <testcase name="testGetRoles_InvalidToken_ThrowsException()" classname="com.surest.member.app.auth.JwtUtilTest" time="0.007"/>
  <system-out><![CDATA[]]></system-out>
  <system-err><![CDATA[]]></system-err>
</testsuite>
